<?xml version="1.0" encoding="UTF-8"?>
<!-- Generated by org.testng.reporters.JUnitReportReporter -->
<testsuite hostname="LAPTOP-SOE8J2DB" name="ejemplo1.numerosNGTest" tests="1" failures="0" timestamp="29 Aug 2019 16:33:37 GMT" time="0.011" errors="0">
  <testcase name="testSomeMethod" time="0.011" classname="ejemplo1.numerosNGTest"/>
</testsuite> <!-- ejemplo1.numerosNGTest -->
